[debug] [2023-10-05T12:28:35.951Z] ----------------------------------------------------------------------
[debug] [2023-10-05T12:28:35.957Z] Command:       C:\Program Files\nodejs\node.exe C:\Users\Vasile Luca\AppData\Roaming\npm\node_modules\firebase-tools\lib\bin\firebase.js emulators:start --only functions
[debug] [2023-10-05T12:28:35.958Z] CLI Version:   12.5.4
[debug] [2023-10-05T12:28:35.959Z] Platform:      win32
[debug] [2023-10-05T12:28:35.959Z] Node Version:  v18.17.1
[debug] [2023-10-05T12:28:35.961Z] Time:          Thu Oct 05 2023 15:28:35 GMT+0300 (Ora de vară a Europei de Est)
[debug] [2023-10-05T12:28:35.961Z] ----------------------------------------------------------------------
[debug] 
[debug] [2023-10-05T12:28:36.214Z] > command requires scopes: ["email","openid","https://www.googleapis.com/auth/cloudplatformprojects.readonly","https://www.googleapis.com/auth/firebase","https://www.googleapis.com/auth/cloud-platform"]
[debug] [2023-10-05T12:28:36.215Z] > authorizing via signed-in user (vasilelucaluca@gmail.com)
[info] i  emulators: Starting emulators: functions {"metadata":{"emulator":{"name":"hub"},"message":"Starting emulators: functions"}}
[debug] [2023-10-05T12:28:36.237Z] [logging] Logging Emulator only supports listening on one address (127.0.0.1). Not listening on ::1
[debug] [2023-10-05T12:28:36.238Z] assigned listening specs for emulators {"user":{"hub":[{"address":"127.0.0.1","family":"IPv4","port":4400},{"address":"::1","family":"IPv6","port":4400}],"ui":[{"address":"127.0.0.1","family":"IPv4","port":4000},{"address":"::1","family":"IPv6","port":4000}],"logging":[{"address":"127.0.0.1","family":"IPv4","port":4500}]},"metadata":{"message":"assigned listening specs for emulators"}}
[debug] [2023-10-05T12:28:36.266Z] [hub] writing locator at C:\Users\VASILE~1\AppData\Local\Temp\hub-la-luca.json
[debug] [2023-10-05T12:28:36.303Z] [functions] Functions Emulator only supports listening on one address (127.0.0.1). Not listening on ::1
[debug] [2023-10-05T12:28:36.304Z] [eventarc] Eventarc Emulator only supports listening on one address (127.0.0.1). Not listening on ::1
[debug] [2023-10-05T12:28:36.304Z] late-assigned ports for functions and eventarc emulators {"user":{"hub":[{"address":"127.0.0.1","family":"IPv4","port":4400},{"address":"::1","family":"IPv6","port":4400}],"ui":[{"address":"127.0.0.1","family":"IPv4","port":4000},{"address":"::1","family":"IPv6","port":4000}],"logging":[{"address":"127.0.0.1","family":"IPv4","port":4500}],"functions":[{"address":"127.0.0.1","family":"IPv4","port":5001}],"eventarc":[{"address":"127.0.0.1","family":"IPv4","port":9299}]},"metadata":{"message":"late-assigned ports for functions and eventarc emulators"}}
[warn] !  functions: The following emulators are not running, calls to these services from the Functions emulator will affect production: auth, firestore, database, hosting, pubsub, storage {"metadata":{"emulator":{"name":"functions"},"message":"The following emulators are not running, calls to these services from the Functions emulator will affect production: \u001b[1mauth, firestore, database, hosting, pubsub, storage\u001b[22m"}}
[debug] [2023-10-05T12:28:36.313Z] defaultcredentials: writing to file C:\Users\Vasile Luca\AppData\Roaming\firebase\vasilelucaluca_gmail_com_application_default_credentials.json
[debug] [2023-10-05T12:28:36.324Z] Setting GAC to C:\Users\Vasile Luca\AppData\Roaming\firebase\vasilelucaluca_gmail_com_application_default_credentials.json {"metadata":{"emulator":{"name":"functions"},"message":"Setting GAC to C:\\Users\\Vasile Luca\\AppData\\Roaming\\firebase\\vasilelucaluca_gmail_com_application_default_credentials.json"}}
[debug] [2023-10-05T12:28:36.329Z] > refreshing access token with scopes: []
[debug] [2023-10-05T12:28:36.333Z] >>> [apiv2][query] POST https://www.googleapis.com/oauth2/v3/token [none]
[debug] [2023-10-05T12:28:36.334Z] >>> [apiv2][body] POST https://www.googleapis.com/oauth2/v3/token [omitted]
[debug] [2023-10-05T12:28:36.526Z] <<< [apiv2][status] POST https://www.googleapis.com/oauth2/v3/token 200
[debug] [2023-10-05T12:28:36.527Z] <<< [apiv2][body] POST https://www.googleapis.com/oauth2/v3/token [omitted]
[debug] [2023-10-05T12:28:37.342Z] >>> [apiv2][query] GET https://firebase.googleapis.com/v1beta1/projects/la-luca/adminSdkConfig [none]
[debug] [2023-10-05T12:28:37.954Z] <<< [apiv2][status] GET https://firebase.googleapis.com/v1beta1/projects/la-luca/adminSdkConfig 200
[debug] [2023-10-05T12:28:37.954Z] <<< [apiv2][body] GET https://firebase.googleapis.com/v1beta1/projects/la-luca/adminSdkConfig {"projectId":"la-luca","databaseURL":"https://la-luca-default-rtdb.europe-west1.firebasedatabase.app","storageBucket":"la-luca.appspot.com","locationId":"europe-west"}
[debug] [2023-10-05T12:28:38.086Z] Ignoring unsupported arg: auto_download {"metadata":{"emulator":{"name":"ui"},"message":"Ignoring unsupported arg: auto_download"}}
[debug] [2023-10-05T12:28:38.086Z] Ignoring unsupported arg: port {"metadata":{"emulator":{"name":"ui"},"message":"Ignoring unsupported arg: port"}}
[debug] [2023-10-05T12:28:38.086Z] Starting Emulator UI with command {"binary":"node","args":["C:\\Users\\Vasile Luca\\.cache\\firebase\\emulators\\ui-v1.11.7\\server\\server.js"],"optionalArgs":[],"joinArgs":false} {"metadata":{"emulator":{"name":"ui"},"message":"Starting Emulator UI with command {\"binary\":\"node\",\"args\":[\"C:\\\\Users\\\\Vasile Luca\\\\.cache\\\\firebase\\\\emulators\\\\ui-v1.11.7\\\\server\\\\server.js\"],\"optionalArgs\":[],\"joinArgs\":false}"}}
[info] i  ui: Emulator UI logging to ui-debug.log {"metadata":{"emulator":{"name":"ui"},"message":"Emulator UI logging to \u001b[1mui-debug.log\u001b[22m"}}
[debug] [2023-10-05T12:28:38.488Z] Web / API server started at 127.0.0.1:4000
 {"metadata":{"emulator":{"name":"ui"},"message":"Web / API server started at 127.0.0.1:4000\n"}}
[debug] [2023-10-05T12:28:38.489Z] Web / API server started at ::1:4000
 {"metadata":{"emulator":{"name":"ui"},"message":"Web / API server started at ::1:4000\n"}}
[info] i  functions: Watching "C:\Users\Vasile Luca\Desktop\Websites\la-luca\functions" for Cloud Functions... {"metadata":{"emulator":{"name":"functions"},"message":"Watching \"C:\\Users\\Vasile Luca\\Desktop\\Websites\\la-luca\\functions\" for Cloud Functions..."}}
[debug] [2023-10-05T12:28:38.670Z] Validating nodejs source
[debug] [2023-10-05T12:28:42.348Z] > [functions] package.json contents: {
  "name": "functions",
  "description": "Cloud Functions for Firebase",
  "scripts": {
    "lint": "eslint",
    "serve": "firebase emulators:start --only functions",
    "shell": "firebase functions:shell",
    "start": "npm run shell",
    "deploy": "firebase deploy --only functions",
    "logs": "firebase functions:log"
  },
  "engines": {
    "node": "18"
  },
  "main": "index.js",
  "dependencies": {
    "cors": "^2.8.5",
    "firebase-admin": "^11.11.0",
    "firebase-functions": "^4.3.1"
  },
  "devDependencies": {
    "eslint": "^8.15.0",
    "eslint-config-google": "^0.14.0",
    "firebase-functions-test": "^3.1.0"
  },
  "private": true
}
[debug] [2023-10-05T12:28:42.348Z] Building nodejs source
[debug] [2023-10-05T12:28:42.349Z] Failed to find version of module node: reached end of search path C:\Users\Vasile Luca\Desktop\Websites\la-luca\functions\node_modules
[info] +  functions: Using node@18 from host. 
[debug] [2023-10-05T12:28:42.353Z] Could not find functions.yaml. Must use http discovery
[debug] [2023-10-05T12:28:42.365Z] Found firebase-functions binary at 'C:\Users\Vasile Luca\Desktop\Websites\la-luca\functions\node_modules\.bin\firebase-functions'
[info] Serving at port 8199

[debug] [2023-10-05T12:28:44.044Z] Got response code 400; body Failed to generate manifest from function source: Error: Failed to parse service account json file: Error: ENOENT: no such file or directory, open './serviceAccountKey.json'
[info] shutdown requested via /__/quitquitquit

[error] !!  functions: Failed to load function definition from source: FirebaseError: Functions codebase could not be analyzed successfully. It may have a syntax or runtime error {"metadata":{"emulator":{"name":"functions"},"message":"Failed to load function definition from source: FirebaseError: Functions codebase could not be analyzed successfully. It may have a syntax or runtime error"}}
[info] 
┌─────────────────────────────────────────────────────────────┐
│ ✔  All emulators ready! It is now safe to connect your app. │
│ i  View Emulator UI at http://127.0.0.1:4000/               │
└─────────────────────────────────────────────────────────────┘

┌───────────┬────────────────┬─────────────────────────────────┐
│ Emulator  │ Host:Port      │ View in Emulator UI             │
├───────────┼────────────────┼─────────────────────────────────┤
│ Functions │ 127.0.0.1:5001 │ http://127.0.0.1:4000/functions │
└───────────┴────────────────┴─────────────────────────────────┘
  Emulator Hub running at 127.0.0.1:4400
  Other reserved ports: 4500

Issues? Report them at https://github.com/firebase/firebase-tools/issues and attach the *-debug.log files.
 
[debug] [2023-10-05T12:29:40.842Z] File C:\Users\Vasile Luca\Desktop\Websites\la-luca\functions\index.js changed, reloading triggers {"metadata":{"emulator":{"name":"functions"},"message":"File C:\\Users\\Vasile Luca\\Desktop\\Websites\\la-luca\\functions\\index.js changed, reloading triggers"}}
[debug] [2023-10-05T12:29:41.856Z] Validating nodejs source
[debug] [2023-10-05T12:29:45.406Z] > [functions] package.json contents: {
  "name": "functions",
  "description": "Cloud Functions for Firebase",
  "scripts": {
    "lint": "eslint",
    "serve": "firebase emulators:start --only functions",
    "shell": "firebase functions:shell",
    "start": "npm run shell",
    "deploy": "firebase deploy --only functions",
    "logs": "firebase functions:log"
  },
  "engines": {
    "node": "18"
  },
  "main": "index.js",
  "dependencies": {
    "cors": "^2.8.5",
    "firebase-admin": "^11.11.0",
    "firebase-functions": "^4.3.1"
  },
  "devDependencies": {
    "eslint": "^8.15.0",
    "eslint-config-google": "^0.14.0",
    "firebase-functions-test": "^3.1.0"
  },
  "private": true
}
[debug] [2023-10-05T12:29:45.407Z] Building nodejs source
[debug] [2023-10-05T12:29:45.407Z] Failed to find version of module node: reached end of search path C:\Users\Vasile Luca\Desktop\Websites\la-luca\functions\node_modules
[info] +  functions: Using node@18 from host. 
[debug] [2023-10-05T12:29:45.410Z] Could not find functions.yaml. Must use http discovery
[debug] [2023-10-05T12:29:45.423Z] Found firebase-functions binary at 'C:\Users\Vasile Luca\Desktop\Websites\la-luca\functions\node_modules\.bin\firebase-functions'
[info] Serving at port 8364

[debug] [2023-10-05T12:29:47.060Z] Got response code 400; body Failed to generate manifest from function source: Error: Failed to parse service account json file: Error: ENOENT: no such file or directory, open './serviceAccountKey.json'
[info] shutdown requested via /__/quitquitquit

[error] !!  functions: Failed to load function definition from source: FirebaseError: Functions codebase could not be analyzed successfully. It may have a syntax or runtime error {"metadata":{"emulator":{"name":"functions"},"message":"Failed to load function definition from source: FirebaseError: Functions codebase could not be analyzed successfully. It may have a syntax or runtime error"}}
[debug] [2023-10-05T12:30:15.836Z] File C:\Users\Vasile Luca\Desktop\Websites\la-luca\functions\index.js changed, reloading triggers {"metadata":{"emulator":{"name":"functions"},"message":"File C:\\Users\\Vasile Luca\\Desktop\\Websites\\la-luca\\functions\\index.js changed, reloading triggers"}}
[debug] [2023-10-05T12:30:16.858Z] Validating nodejs source
[debug] [2023-10-05T12:30:20.367Z] > [functions] package.json contents: {
  "name": "functions",
  "description": "Cloud Functions for Firebase",
  "scripts": {
    "lint": "eslint",
    "serve": "firebase emulators:start --only functions",
    "shell": "firebase functions:shell",
    "start": "npm run shell",
    "deploy": "firebase deploy --only functions",
    "logs": "firebase functions:log"
  },
  "engines": {
    "node": "18"
  },
  "main": "index.js",
  "dependencies": {
    "cors": "^2.8.5",
    "firebase-admin": "^11.11.0",
    "firebase-functions": "^4.3.1"
  },
  "devDependencies": {
    "eslint": "^8.15.0",
    "eslint-config-google": "^0.14.0",
    "firebase-functions-test": "^3.1.0"
  },
  "private": true
}
[debug] [2023-10-05T12:30:20.368Z] Building nodejs source
[debug] [2023-10-05T12:30:20.368Z] Failed to find version of module node: reached end of search path C:\Users\Vasile Luca\Desktop\Websites\la-luca\functions\node_modules
[info] +  functions: Using node@18 from host. 
[debug] [2023-10-05T12:30:20.370Z] Could not find functions.yaml. Must use http discovery
[debug] [2023-10-05T12:30:20.380Z] Found firebase-functions binary at 'C:\Users\Vasile Luca\Desktop\Websites\la-luca\functions\node_modules\.bin\firebase-functions'
[info] Serving at port 8035

[debug] [2023-10-05T12:30:21.870Z] Got response from /__/functions.yaml {"endpoints":{"helloWorld":{"availableMemoryMb":null,"timeoutSeconds":null,"minInstances":null,"maxInstances":null,"ingressSettings":null,"concurrency":null,"serviceAccountEmail":null,"vpc":null,"platform":"gcfv2","labels":{},"httpsTrigger":{},"entryPoint":"helloWorld"}},"specVersion":"v1alpha1","requiredAPIs":[]}
[info] shutdown requested via /__/quitquitquit

[info] +  functions: Loaded functions definitions from source: helloWorld. {"metadata":{"emulator":{"name":"functions"},"message":"Loaded functions definitions from source: helloWorld."}}
[info] +  functions[us-central1-helloWorld]: http function initialized (http://127.0.0.1:5001/la-luca/us-central1/helloWorld). {"metadata":{"emulator":{"name":"functions"},"message":"\u001b[1mhttp\u001b[22m function initialized (http://127.0.0.1:5001/la-luca/us-central1/helloWorld)."}}
[debug] [2023-10-05T12:30:39.283Z] File C:\Users\Vasile Luca\Desktop\Websites\la-luca\functions\index.js changed, reloading triggers {"metadata":{"emulator":{"name":"functions"},"message":"File C:\\Users\\Vasile Luca\\Desktop\\Websites\\la-luca\\functions\\index.js changed, reloading triggers"}}
